(venv) cavin@DESKTOP-KR7GL8A:~/projects/Jeseci-Interactive-Learning-Platform$ ./start_backend.sh
ðŸš€ Starting Django Backend Server...
.env: line 92: Otieno: command not found
.env: line 110: Otien: command not found
Backend will be available at: http://localhost:8000
API available at: http://localhost:8000/api/
Admin panel at: http://localhost:8000/admin/
INFO JacManager initialized - using jaclang 0.9.x approach without root functions
WARNING Strategy 1 failed for orchestrator: No bytecode found for /home/cavin/projects/Jeseci-Interactive-Learning-Platform/backend/jac_layer/walkers/orchestrator.jac
INFO JacManager initialized - using jaclang 0.9.x approach without root functions
WARNING Strategy 1 failed for orchestrator: No bytecode found for /home/cavin/projects/Jeseci-Interactive-Learning-Platform/backend/jac_layer/walkers/orchestrator.jac
INFO JacManager initialized - using jaclang 0.9.x approach without root functions
WARNING Strategy 1 failed for orchestrator: No bytecode found for /home/cavin/projects/Jeseci-Interactive-Learning-Platform/backend/jac_layer/walkers/orchestrator.jac
INFO JacManager initialized - using jaclang 0.9.x approach without root functions
WARNING Strategy 1 failed for orchestrator: No bytecode found for /home/cavin/projects/Jeseci-Interactive-Learning-Platform/backend/jac_layer/walkers/orchestrator.jac
INFO Watching for file changes with StatReloader
Exception in thread django-main-thread:
Traceback (most recent call last):
  File "/home/cavin/projects/Jeseci-Interactive-Learning-Platform/backend/jac_layer/jac_manager.py", line 63, in _initialize_walkers
    module = importlib.import_module(module_path)
             ^^^^^^^^^^^^^^^^^^^^^^^^^^^^^^^^^^^^
  File "/usr/lib/python3.12/importlib/__init__.py", line 90, in import_module
    return _bootstrap._gcd_import(name[level:], package, level)
           ^^^^^^^^^^^^^^^^^^^^^^^^^^^^^^^^^^^^^^^^^^^^^^^^^^^^
  File "<frozen importlib._bootstrap>", line 1387, in _gcd_import
  File "<frozen importlib._bootstrap>", line 1360, in _find_and_load
  File "<frozen importlib._bootstrap>", line 1331, in _find_and_load_unlocked
  File "<frozen importlib._bootstrap>", line 935, in _load_unlocked
  File "/home/cavin/projects/Jeseci-Interactive-Learning-Platform/backend/venv/lib/python3.12/site-packages/jaclang/runtimelib/meta_importer.py", line 190, in exec_module
    raise ImportError(f"No bytecode found for {file_path}")
ImportError: No bytecode found for /home/cavin/projects/Jeseci-Interactive-Learning-Platform/backend/jac_layer/walkers/orchestrator.jac

During handling of the above exception, another exception occurred:

Traceback (most recent call last):
  File "/usr/lib/python3.12/threading.py", line 1073, in _bootstrap_inner
    self.run()
  File "/usr/lib/python3.12/threading.py", line 1010, in run
    self._target(*self._args, **self._kwargs)
  File "/home/cavin/projects/Jeseci-Interactive-Learning-Platform/backend/venv/lib/python3.12/site-packages/django/utils/autoreload.py", line 64, in wrapper
    fn(*args, **kwargs)
  File "/home/cavin/projects/Jeseci-Interactive-Learning-Platform/backend/venv/lib/python3.12/site-packages/django/core/management/commands/runserver.py", line 124, in inner_run
    autoreload.raise_last_exception()
  File "/home/cavin/projects/Jeseci-Interactive-Learning-Platform/backend/venv/lib/python3.12/site-packages/django/utils/autoreload.py", line 86, in raise_last_exception
    raise _exception[1]
  File "/home/cavin/projects/Jeseci-Interactive-Learning-Platform/backend/venv/lib/python3.12/site-packages/django/core/management/__init__.py", line 394, in execute
    autoreload.check_errors(django.setup)()
  File "/home/cavin/projects/Jeseci-Interactive-Learning-Platform/backend/venv/lib/python3.12/site-packages/django/utils/autoreload.py", line 64, in wrapper
    fn(*args, **kwargs)
  File "/home/cavin/projects/Jeseci-Interactive-Learning-Platform/backend/venv/lib/python3.12/site-packages/django/__init__.py", line 24, in setup
    apps.populate(settings.INSTALLED_APPS)
  File "/home/cavin/projects/Jeseci-Interactive-Learning-Platform/backend/venv/lib/python3.12/site-packages/django/apps/registry.py", line 91, in populate
    app_config = AppConfig.create(entry)
                 ^^^^^^^^^^^^^^^^^^^^^^^
  File "/home/cavin/projects/Jeseci-Interactive-Learning-Platform/backend/venv/lib/python3.12/site-packages/django/apps/config.py", line 193, in create
    import_module(entry)
  File "/usr/lib/python3.12/importlib/__init__.py", line 90, in import_module
    return _bootstrap._gcd_import(name[level:], package, level)
           ^^^^^^^^^^^^^^^^^^^^^^^^^^^^^^^^^^^^^^^^^^^^^^^^^^^^
  File "<frozen importlib._bootstrap>", line 1387, in _gcd_import
  File "<frozen importlib._bootstrap>", line 1360, in _find_and_load
  File "<frozen importlib._bootstrap>", line 1331, in _find_and_load_unlocked
  File "<frozen importlib._bootstrap>", line 935, in _load_unlocked
  File "<frozen importlib._bootstrap_external>", line 995, in exec_module
  File "<frozen importlib._bootstrap>", line 488, in _call_with_frames_removed
  File "/home/cavin/projects/Jeseci-Interactive-Learning-Platform/backend/jac_layer/__init__.py", line 18, in <module>
    from .jac_manager import JacManager, jac_manager, get_jac_manager
  File "/home/cavin/projects/Jeseci-Interactive-Learning-Platform/backend/jac_layer/jac_manager.py", line 236, in <module>
    jac_manager = JacManager()
                  ^^^^^^^^^^^^
  File "/home/cavin/projects/Jeseci-Interactive-Learning-Platform/backend/jac_layer/jac_manager.py", line 53, in __init__
    self._initialize_walkers()
  File "/home/cavin/projects/Jeseci-Interactive-Learning-Platform/backend/jac_layer/jac_manager.py", line 72, in _initialize_walkers
    walker_dir = os.path.join(settings.BASE_DIR, 'jac_layer', 'walkers')
                 ^^
NameError: name 'os' is not defined. Did you forget to import 'os'?