[INFO] Setting up Django...
INFO JacManager initialized - using jaclang 0.9.x approach without root functions
WARNING Could not load walker module orchestrator (jac_layer.walkers.orchestrator): No bytecode found for /home/cavin/projects/Jeseci-Interactive-Learning-Platform/backend/jac_layer/walkers/orchestrator.jac
WARNING Could not load walker module content_curator (jac_layer.walkers.content_curator): No bytecode found for /home/cavin/projects/Jeseci-Interactive-Learning-Platform/backend/jac_layer/walkers/content_curator.jac
WARNING Could not load walker module quiz_master (jac_layer.walkers.quiz_master): No bytecode found for /home/cavin/projects/Jeseci-Interactive-Learning-Platform/backend/jac_layer/walkers/quiz_master.jac
WARNING Could not load walker module evaluator (jac_layer.walkers.evaluator): No bytecode found for /home/cavin/projects/Jeseci-Interactive-Learning-Platform/backend/jac_layer/walkers/evaluator.jac
WARNING Could not load walker module progress_tracker (jac_layer.walkers.progress_tracker): No bytecode found for /home/cavin/projects/Jeseci-Interactive-Learning-Platform/backend/jac_layer/walkers/progress_tracker.jac
WARNING Could not load walker module motivator (jac_layer.walkers.motivator): No bytecode found for /home/cavin/projects/Jeseci-Interactive-Learning-Platform/backend/jac_layer/walkers/motivator.jac
Traceback (most recent call last):
  File "/home/cavin/projects/Jeseci-Interactive-Learning-Platform/backend/venv/lib/python3.12/site-packages/django/core/checks/urls.py", line 136, in check_custom_error_handlers
    handler = resolver.resolve_error_handler(status_code)
              ^^^^^^^^^^^^^^^^^^^^^^^^^^^^^^^^^^^^^^^^^^^
  File "/home/cavin/projects/Jeseci-Interactive-Learning-Platform/backend/venv/lib/python3.12/site-packages/django/urls/resolvers.py", line 732, in resolve_error_handler
    callback = getattr(self.urlconf_module, "handler%s" % view_type, None)
                       ^^^^^^^^^^^^^^^^^^^
  File "/home/cavin/projects/Jeseci-Interactive-Learning-Platform/backend/venv/lib/python3.12/site-packages/django/utils/functional.py", line 47, in __get__
    res = instance.__dict__[self.name] = self.func(instance)
                                         ^^^^^^^^^^^^^^^^^^^
  File "/home/cavin/projects/Jeseci-Interactive-Learning-Platform/backend/venv/lib/python3.12/site-packages/django/urls/resolvers.py", line 711, in urlconf_module
    return import_module(self.urlconf_name)
           ^^^^^^^^^^^^^^^^^^^^^^^^^^^^^^^^
  File "/usr/lib/python3.12/importlib/__init__.py", line 90, in import_module
    return _bootstrap._gcd_import(name[level:], package, level)
           ^^^^^^^^^^^^^^^^^^^^^^^^^^^^^^^^^^^^^^^^^^^^^^^^^^^^
  File "<frozen importlib._bootstrap>", line 1387, in _gcd_import
  File "<frozen importlib._bootstrap>", line 1360, in _find_and_load
  File "<frozen importlib._bootstrap>", line 1331, in _find_and_load_unlocked
  File "<frozen importlib._bootstrap>", line 935, in _load_unlocked
  File "<frozen importlib._bootstrap_external>", line 995, in exec_module
  File "<frozen importlib._bootstrap>", line 488, in _call_with_frames_removed
  File "/home/cavin/projects/Jeseci-Interactive-Learning-Platform/backend/jeseci_platform/urls.py", line 11, in <module>
    path('api/', include('api.urls')),
                 ^^^^^^^^^^^^^^^^^^^
  File "/home/cavin/projects/Jeseci-Interactive-Learning-Platform/backend/venv/lib/python3.12/site-packages/django/urls/conf.py", line 39, in include
    urlconf_module = import_module(urlconf_module)
                     ^^^^^^^^^^^^^^^^^^^^^^^^^^^^^
  File "/usr/lib/python3.12/importlib/__init__.py", line 90, in import_module
    return _bootstrap._gcd_import(name[level:], package, level)
           ^^^^^^^^^^^^^^^^^^^^^^^^^^^^^^^^^^^^^^^^^^^^^^^^^^^^
  File "<frozen importlib._bootstrap>", line 1387, in _gcd_import
  File "<frozen importlib._bootstrap>", line 1360, in _find_and_load
  File "<frozen importlib._bootstrap>", line 1331, in _find_and_load_unlocked
  File "<frozen importlib._bootstrap>", line 935, in _load_unlocked
  File "<frozen importlib._bootstrap_external>", line 995, in exec_module
  File "<frozen importlib._bootstrap>", line 488, in _call_with_frames_removed
  File "/home/cavin/projects/Jeseci-Interactive-Learning-Platform/backend/api/urls.py", line 7, in <module>
    from . import views
  File "/home/cavin/projects/Jeseci-Interactive-Learning-Platform/backend/api/views.py", line 5, in <module>
    import psutil
ModuleNotFoundError: No module named 'psutil'

During handling of the above exception, another exception occurred:

Traceback (most recent call last):
  File "/home/cavin/projects/Jeseci-Interactive-Learning-Platform/backend/manage.py", line 25, in <module>
    main()
  File "/home/cavin/projects/Jeseci-Interactive-Learning-Platform/backend/manage.py", line 21, in main
    execute_from_command_line(sys.argv)
  File "/home/cavin/projects/Jeseci-Interactive-Learning-Platform/backend/venv/lib/python3.12/site-packages/django/core/management/__init__.py", line 442, in execute_from_command_line
    utility.execute()
  File "/home/cavin/projects/Jeseci-Interactive-Learning-Platform/backend/venv/lib/python3.12/site-packages/django/core/management/__init__.py", line 436, in execute
    self.fetch_command(subcommand).run_from_argv(self.argv)
  File "/home/cavin/projects/Jeseci-Interactive-Learning-Platform/backend/venv/lib/python3.12/site-packages/django/core/management/base.py", line 416, in run_from_argv
    self.execute(*args, **cmd_options)
  File "/home/cavin/projects/Jeseci-Interactive-Learning-Platform/backend/venv/lib/python3.12/site-packages/django/core/management/base.py", line 457, in execute
    self.check(**check_kwargs)
  File "/home/cavin/projects/Jeseci-Interactive-Learning-Platform/backend/venv/lib/python3.12/site-packages/django/core/management/base.py", line 492, in check
    all_issues = checks.run_checks(
                 ^^^^^^^^^^^^^^^^^^
  File "/home/cavin/projects/Jeseci-Interactive-Learning-Platform/backend/venv/lib/python3.12/site-packages/django/core/checks/registry.py", line 89, in run_checks
    new_errors = check(app_configs=app_configs, databases=databases)
                 ^^^^^^^^^^^^^^^^^^^^^^^^^^^^^^^^^^^^^^^^^^^^^^^^^^^
  File "/home/cavin/projects/Jeseci-Interactive-Learning-Platform/backend/venv/lib/python3.12/site-packages/django/core/checks/urls.py", line 138, in check_custom_error_handlers
    path = getattr(resolver.urlconf_module, "handler%s" % status_code)
                   ^^^^^^^^^^^^^^^^^^^^^^^
  File "/home/cavin/projects/Jeseci-Interactive-Learning-Platform/backend/venv/lib/python3.12/site-packages/django/utils/functional.py", line 47, in __get__
    res = instance.__dict__[self.name] = self.func(instance)
                                         ^^^^^^^^^^^^^^^^^^^
  File "/home/cavin/projects/Jeseci-Interactive-Learning-Platform/backend/venv/lib/python3.12/site-packages/django/urls/resolvers.py", line 711, in urlconf_module
    return import_module(self.urlconf_name)
           ^^^^^^^^^^^^^^^^^^^^^^^^^^^^^^^^
  File "/usr/lib/python3.12/importlib/__init__.py", line 90, in import_module
    return _bootstrap._gcd_import(name[level:], package, level)
           ^^^^^^^^^^^^^^^^^^^^^^^^^^^^^^^^^^^^^^^^^^^^^^^^^^^^
  File "<frozen importlib._bootstrap>", line 1387, in _gcd_import
  File "<frozen importlib._bootstrap>", line 1360, in _find_and_load
  File "<frozen importlib._bootstrap>", line 1331, in _find_and_load_unlocked
  File "<frozen importlib._bootstrap>", line 935, in _load_unlocked
  File "<frozen importlib._bootstrap_external>", line 995, in exec_module
  File "<frozen importlib._bootstrap>", line 488, in _call_with_frames_removed
  File "/home/cavin/projects/Jeseci-Interactive-Learning-Platform/backend/jeseci_platform/urls.py", line 11, in <module>
    path('api/', include('api.urls')),
                 ^^^^^^^^^^^^^^^^^^^
  File "/home/cavin/projects/Jeseci-Interactive-Learning-Platform/backend/venv/lib/python3.12/site-packages/django/urls/conf.py", line 39, in include
    urlconf_module = import_module(urlconf_module)
                     ^^^^^^^^^^^^^^^^^^^^^^^^^^^^^
  File "/usr/lib/python3.12/importlib/__init__.py", line 90, in import_module
    return _bootstrap._gcd_import(name[level:], package, level)
           ^^^^^^^^^^^^^^^^^^^^^^^^^^^^^^^^^^^^^^^^^^^^^^^^^^^^
  File "<frozen importlib._bootstrap>", line 1387, in _gcd_import
  File "<frozen importlib._bootstrap>", line 1360, in _find_and_load
  File "<frozen importlib._bootstrap>", line 1331, in _find_and_load_unlocked
  File "<frozen importlib._bootstrap>", line 935, in _load_unlocked
  File "<frozen importlib._bootstrap_external>", line 995, in exec_module
  File "<frozen importlib._bootstrap>", line 488, in _call_with_frames_removed
  File "/home/cavin/projects/Jeseci-Interactive-Learning-Platform/backend/api/urls.py", line 7, in <module>
    from . import views
  File "/home/cavin/projects/Jeseci-Interactive-Learning-Platform/backend/api/views.py", line 5, in <module>
    import psutil
ModuleNotFoundError: No module named 'psutil'
(venv) cavin@DESKTOP-KR7GL8A:~/projects/Jeseci-Interactive-Learning-Platform$ 